<?xml version="1.0" encoding="UTF-8"?>
<coverage generated="1760720725317" clover="3.2.0">
  <project timestamp="1760720725317" name="All files">
    <metrics statements="41" coveredstatements="40" conditionals="28" coveredconditionals="27" methods="18" coveredmethods="17" elements="87" coveredelements="84" complexity="0" loc="41" ncloc="41" packages="1" files="6" classes="6"/>
    <file name="Contact.jsx" path="/Users/alishataylor/projects/portfolio/src/components/Contact.jsx">
      <metrics statements="4" coveredstatements="4" conditionals="8" coveredconditionals="8" methods="2" coveredmethods="2"/>
      <line num="3" count="1" type="stmt"/>
      <line num="4" count="8" type="stmt"/>
      <line num="35" count="8" type="stmt"/>
      <line num="75" count="32" type="stmt"/>
    </file>
    <file name="Footer.jsx" path="/Users/alishataylor/projects/portfolio/src/components/Footer.jsx">
      <metrics statements="3" coveredstatements="3" conditionals="0" coveredconditionals="0" methods="1" coveredmethods="1"/>
      <line num="3" count="1" type="stmt"/>
      <line num="4" count="10" type="stmt"/>
      <line num="6" count="10" type="stmt"/>
    </file>
    <file name="Header.jsx" path="/Users/alishataylor/projects/portfolio/src/components/Header.jsx">
      <metrics statements="17" coveredstatements="16" conditionals="10" coveredconditionals="9" methods="7" coveredmethods="6"/>
      <line num="4" count="1" type="stmt"/>
      <line num="5" count="10" type="stmt"/>
      <line num="7" count="10" type="stmt"/>
      <line num="14" count="10" type="stmt"/>
      <line num="15" count="2" type="stmt"/>
      <line num="16" count="2" type="cond" truecount="1" falsecount="1"/>
      <line num="17" count="2" type="stmt"/>
      <line num="18" count="2" type="stmt"/>
      <line num="20" count="2" type="stmt"/>
      <line num="23" count="10" type="stmt"/>
      <line num="34" count="40" type="stmt"/>
      <line num="35" count="40" type="stmt"/>
      <line num="39" count="2" type="stmt"/>
      <line num="53" count="3" type="stmt"/>
      <line num="64" count="8" type="stmt"/>
      <line num="65" count="8" type="stmt"/>
      <line num="69" count="0" type="stmt"/>
    </file>
    <file name="Hero.jsx" path="/Users/alishataylor/projects/portfolio/src/components/Hero.jsx">
      <metrics statements="5" coveredstatements="5" conditionals="0" coveredconditionals="0" methods="2" coveredmethods="2"/>
      <line num="5" count="1" type="stmt"/>
      <line num="6" count="8" type="stmt"/>
      <line num="7" count="2" type="stmt"/>
      <line num="8" count="2" type="stmt"/>
      <line num="11" count="8" type="stmt"/>
    </file>
    <file name="Projects.jsx" path="/Users/alishataylor/projects/portfolio/src/components/Projects.jsx">
      <metrics statements="6" coveredstatements="6" conditionals="10" coveredconditionals="10" methods="3" coveredmethods="3"/>
      <line num="6" count="1" type="stmt"/>
      <line num="7" count="6" type="stmt"/>
      <line num="49" count="6" type="stmt"/>
      <line num="62" count="18" type="stmt"/>
      <line num="63" count="18" type="stmt"/>
      <line num="88" count="90" type="stmt"/>
    </file>
    <file name="Skills.jsx" path="/Users/alishataylor/projects/portfolio/src/components/Skills.jsx">
      <metrics statements="6" coveredstatements="6" conditionals="0" coveredconditionals="0" methods="3" coveredmethods="3"/>
      <line num="3" count="1" type="stmt"/>
      <line num="4" count="4" type="stmt"/>
      <line num="79" count="4" type="stmt"/>
      <line num="92" count="24" type="stmt"/>
      <line num="93" count="24" type="stmt"/>
      <line num="106" count="96" type="stmt"/>
    </file>
  </project>
</coverage>
