{"/Users/alishataylor/projects/portfolio/src/components/Contact.jsx": {"path":"/Users/alishataylor/projects/portfolio/src/components/Contact.jsx","statementMap":{"0":{"start":{"line":3,"column":16},"end":{"line":249,"column":1}},"1":{"start":{"line":4,"column":25},"end":{"line":33,"column":3}},"2":{"start":{"line":35,"column":2},"end":{"line":248,"column":4}},"3":{"start":{"line":75,"column":16},"end":{"line":95,"column":22}}},"fnMap":{"0":{"name":"(anonymous_0)","decl":{"start":{"line":3,"column":16},"end":{"line":3,"column":17}},"loc":{"start":{"line":3,"column":22},"end":{"line":249,"column":1}},"line":3},"1":{"name":"(anonymous_1)","decl":{"start":{"line":74,"column":34},"end":{"line":74,"column":35}},"loc":{"start":{"line":75,"column":16},"end":{"line":95,"column":22}},"line":75}},"branchMap":{"0":{"loc":{"start":{"line":77,"column":21},"end":{"line":77,"column":51}},"type":"binary-expr","locations":[{"start":{"line":77,"column":21},"end":{"line":77,"column":32}},{"start":{"line":77,"column":36},"end":{"line":77,"column":51}}],"line":77},"1":{"loc":{"start":{"line":81,"column":21},"end":{"line":92,"column":21}},"type":"cond-expr","locations":[{"start":{"line":82,"column":22},"end":{"line":89,"column":26}},{"start":{"line":91,"column":22},"end":{"line":91,"column":74}}],"line":81},"2":{"loc":{"start":{"line":84,"column":32},"end":{"line":84,"column":83}},"type":"cond-expr","locations":[{"start":{"line":84,"column":65},"end":{"line":84,"column":73}},{"start":{"line":84,"column":76},"end":{"line":84,"column":83}}],"line":84},"3":{"loc":{"start":{"line":85,"column":29},"end":{"line":85,"column":88}},"type":"cond-expr","locations":[{"start":{"line":85,"column":62},"end":{"line":85,"column":83}},{"start":{"line":85,"column":86},"end":{"line":85,"column":88}}],"line":85}},"s":{"0":1,"1":8,"2":8,"3":32},"f":{"0":8,"1":32},"b":{"0":[32,32],"1":[24,8],"2":[16,8],"3":[16,8]},"_coverageSchema":"1a1c01bbd47fc00a2c39e90264f33305004495a9","hash":"8f128bb53ba97e08ea32e0a3f7b10542bc45d4b8"}
,"/Users/alishataylor/projects/portfolio/src/components/Footer.jsx": {"path":"/Users/alishataylor/projects/portfolio/src/components/Footer.jsx","statementMap":{"0":{"start":{"line":3,"column":15},"end":{"line":245,"column":1}},"1":{"start":{"line":4,"column":22},"end":{"line":4,"column":46}},"2":{"start":{"line":6,"column":2},"end":{"line":244,"column":4}}},"fnMap":{"0":{"name":"(anonymous_0)","decl":{"start":{"line":3,"column":15},"end":{"line":3,"column":16}},"loc":{"start":{"line":3,"column":21},"end":{"line":245,"column":1}},"line":3}},"branchMap":{},"s":{"0":1,"1":10,"2":10},"f":{"0":10},"b":{},"_coverageSchema":"1a1c01bbd47fc00a2c39e90264f33305004495a9","hash":"07695b118f51f6f265007c9df7f1ca95652bfa6e"}
,"/Users/alishataylor/projects/portfolio/src/components/Header.jsx": {"path":"/Users/alishataylor/projects/portfolio/src/components/Header.jsx","statementMap":{"0":{"start":{"line":4,"column":15},"end":{"line":198,"column":1}},"1":{"start":{"line":5,"column":38},"end":{"line":5,"column":53}},"2":{"start":{"line":7,"column":19},"end":{"line":12,"column":3}},"3":{"start":{"line":14,"column":26},"end":{"line":21,"column":3}},"4":{"start":{"line":15,"column":20},"end":{"line":15,"column":54}},"5":{"start":{"line":16,"column":4},"end":{"line":19,"column":5}},"6":{"start":{"line":17,"column":6},"end":{"line":17,"column":53}},"7":{"start":{"line":18,"column":6},"end":{"line":18,"column":35}},"8":{"start":{"line":20,"column":4},"end":{"line":20,"column":25}},"9":{"start":{"line":23,"column":2},"end":{"line":197,"column":4}},"10":{"start":{"line":34,"column":27},"end":{"line":34,"column":36}},"11":{"start":{"line":35,"column":14},"end":{"line":46,"column":16}},"12":{"start":{"line":39,"column":35},"end":{"line":39,"column":59}},"13":{"start":{"line":53,"column":27},"end":{"line":53,"column":53}},"14":{"start":{"line":64,"column":27},"end":{"line":64,"column":36}},"15":{"start":{"line":65,"column":14},"end":{"line":75,"column":16}},"16":{"start":{"line":69,"column":35},"end":{"line":69,"column":59}}},"fnMap":{"0":{"name":"(anonymous_0)","decl":{"start":{"line":4,"column":15},"end":{"line":4,"column":16}},"loc":{"start":{"line":4,"column":58},"end":{"line":198,"column":1}},"line":4},"1":{"name":"(anonymous_1)","decl":{"start":{"line":14,"column":26},"end":{"line":14,"column":27}},"loc":{"start":{"line":14,"column":41},"end":{"line":21,"column":3}},"line":14},"2":{"name":"(anonymous_2)","decl":{"start":{"line":33,"column":26},"end":{"line":33,"column":27}},"loc":{"start":{"line":33,"column":36},"end":{"line":47,"column":13}},"line":33},"3":{"name":"(anonymous_3)","decl":{"start":{"line":39,"column":29},"end":{"line":39,"column":30}},"loc":{"start":{"line":39,"column":35},"end":{"line":39,"column":59}},"line":39},"4":{"name":"(anonymous_4)","decl":{"start":{"line":53,"column":21},"end":{"line":53,"column":22}},"loc":{"start":{"line":53,"column":27},"end":{"line":53,"column":53}},"line":53},"5":{"name":"(anonymous_5)","decl":{"start":{"line":63,"column":26},"end":{"line":63,"column":27}},"loc":{"start":{"line":63,"column":36},"end":{"line":76,"column":13}},"line":63},"6":{"name":"(anonymous_6)","decl":{"start":{"line":69,"column":29},"end":{"line":69,"column":30}},"loc":{"start":{"line":69,"column":35},"end":{"line":69,"column":59}},"line":69}},"branchMap":{"0":{"loc":{"start":{"line":16,"column":4},"end":{"line":19,"column":5}},"type":"if","locations":[{"start":{"line":16,"column":4},"end":{"line":19,"column":5}},{"start":{},"end":{}}],"line":16},"1":{"loc":{"start":{"line":38,"column":43},"end":{"line":38,"column":85}},"type":"cond-expr","locations":[{"start":{"line":38,"column":72},"end":{"line":38,"column":80}},{"start":{"line":38,"column":83},"end":{"line":38,"column":85}}],"line":38},"2":{"loc":{"start":{"line":56,"column":13},"end":{"line":56,"column":62}},"type":"cond-expr","locations":[{"start":{"line":56,"column":26},"end":{"line":56,"column":41}},{"start":{"line":56,"column":44},"end":{"line":56,"column":62}}],"line":56},"3":{"loc":{"start":{"line":61,"column":9},"end":{"line":78,"column":9}},"type":"binary-expr","locations":[{"start":{"line":61,"column":9},"end":{"line":61,"column":19}},{"start":{"line":62,"column":10},"end":{"line":77,"column":15}}],"line":61},"4":{"loc":{"start":{"line":68,"column":43},"end":{"line":68,"column":85}},"type":"cond-expr","locations":[{"start":{"line":68,"column":72},"end":{"line":68,"column":80}},{"start":{"line":68,"column":83},"end":{"line":68,"column":85}}],"line":68}},"s":{"0":1,"1":10,"2":10,"3":10,"4":2,"5":2,"6":2,"7":2,"8":2,"9":10,"10":40,"11":40,"12":2,"13":3,"14":8,"15":8,"16":0},"f":{"0":10,"1":2,"2":40,"3":2,"4":3,"5":8,"6":0},"b":{"0":[2,0],"1":[10,30],"2":[2,8],"3":[10,2],"4":[2,6]},"_coverageSchema":"1a1c01bbd47fc00a2c39e90264f33305004495a9","hash":"65c6e41297fcf20d6e2571ff83dea913c2a9b77f"}
,"/Users/alishataylor/projects/portfolio/src/components/Hero.jsx": {"path":"/Users/alishataylor/projects/portfolio/src/components/Hero.jsx","statementMap":{"0":{"start":{"line":5,"column":13},"end":{"line":363,"column":1}},"1":{"start":{"line":6,"column":27},"end":{"line":9,"column":3}},"2":{"start":{"line":7,"column":4},"end":{"line":7,"column":34}},"3":{"start":{"line":8,"column":4},"end":{"line":8,"column":79}},"4":{"start":{"line":11,"column":2},"end":{"line":362,"column":4}}},"fnMap":{"0":{"name":"(anonymous_0)","decl":{"start":{"line":5,"column":13},"end":{"line":5,"column":14}},"loc":{"start":{"line":5,"column":40},"end":{"line":363,"column":1}},"line":5},"1":{"name":"(anonymous_1)","decl":{"start":{"line":6,"column":27},"end":{"line":6,"column":28}},"loc":{"start":{"line":6,"column":33},"end":{"line":9,"column":3}},"line":6}},"branchMap":{},"s":{"0":1,"1":8,"2":2,"3":2,"4":8},"f":{"0":8,"1":2},"b":{},"_coverageSchema":"1a1c01bbd47fc00a2c39e90264f33305004495a9","hash":"2cfdf45efff9304edea00fcdf93269ad0c7c1ef5"}
,"/Users/alishataylor/projects/portfolio/src/components/Projects.jsx": {"path":"/Users/alishataylor/projects/portfolio/src/components/Projects.jsx","statementMap":{"0":{"start":{"line":6,"column":17},"end":{"line":424,"column":1}},"1":{"start":{"line":7,"column":19},"end":{"line":47,"column":3}},"2":{"start":{"line":49,"column":2},"end":{"line":423,"column":4}},"3":{"start":{"line":62,"column":25},"end":{"line":62,"column":37}},"4":{"start":{"line":63,"column":12},"end":{"line":120,"column":14}},"5":{"start":{"line":88,"column":22},"end":{"line":90,"column":29}}},"fnMap":{"0":{"name":"(anonymous_0)","decl":{"start":{"line":6,"column":17},"end":{"line":6,"column":18}},"loc":{"start":{"line":6,"column":23},"end":{"line":424,"column":1}},"line":6},"1":{"name":"(anonymous_1)","decl":{"start":{"line":61,"column":24},"end":{"line":61,"column":25}},"loc":{"start":{"line":61,"column":37},"end":{"line":121,"column":11}},"line":61},"2":{"name":"(anonymous_2)","decl":{"start":{"line":87,"column":38},"end":{"line":87,"column":39}},"loc":{"start":{"line":88,"column":22},"end":{"line":90,"column":29}},"line":88}},"branchMap":{"0":{"loc":{"start":{"line":96,"column":19},"end":{"line":106,"column":19}},"type":"binary-expr","locations":[{"start":{"line":96,"column":19},"end":{"line":96,"column":33}},{"start":{"line":97,"column":20},"end":{"line":105,"column":24}}],"line":96},"1":{"loc":{"start":{"line":107,"column":19},"end":{"line":117,"column":19}},"type":"binary-expr","locations":[{"start":{"line":107,"column":19},"end":{"line":107,"column":31}},{"start":{"line":108,"column":20},"end":{"line":116,"column":24}}],"line":107},"2":{"loc":{"start":{"line":110,"column":30},"end":{"line":110,"column":86}},"type":"cond-expr","locations":[{"start":{"line":110,"column":66},"end":{"line":110,"column":75}},{"start":{"line":110,"column":78},"end":{"line":110,"column":86}}],"line":110},"3":{"loc":{"start":{"line":111,"column":27},"end":{"line":111,"column":96}},"type":"cond-expr","locations":[{"start":{"line":111,"column":63},"end":{"line":111,"column":72}},{"start":{"line":111,"column":75},"end":{"line":111,"column":96}}],"line":111},"4":{"loc":{"start":{"line":115,"column":23},"end":{"line":115,"column":87}},"type":"cond-expr","locations":[{"start":{"line":115,"column":59},"end":{"line":115,"column":73}},{"start":{"line":115,"column":76},"end":{"line":115,"column":87}}],"line":115}},"s":{"0":1,"1":6,"2":6,"3":18,"4":18,"5":90},"f":{"0":6,"1":18,"2":90},"b":{"0":[18,18],"1":[18,18],"2":[6,12],"3":[6,12],"4":[6,12]},"_coverageSchema":"1a1c01bbd47fc00a2c39e90264f33305004495a9","hash":"4a6570fc3a0397b9a2b96596f604bb539bb08ae0"}
,"/Users/alishataylor/projects/portfolio/src/components/Skills.jsx": {"path":"/Users/alishataylor/projects/portfolio/src/components/Skills.jsx","statementMap":{"0":{"start":{"line":3,"column":15},"end":{"line":306,"column":1}},"1":{"start":{"line":4,"column":26},"end":{"line":77,"column":3}},"2":{"start":{"line":79,"column":2},"end":{"line":305,"column":4}},"3":{"start":{"line":92,"column":25},"end":{"line":92,"column":38}},"4":{"start":{"line":93,"column":12},"end":{"line":113,"column":14}},"5":{"start":{"line":106,"column":20},"end":{"line":109,"column":25}}},"fnMap":{"0":{"name":"(anonymous_0)","decl":{"start":{"line":3,"column":15},"end":{"line":3,"column":16}},"loc":{"start":{"line":3,"column":21},"end":{"line":306,"column":1}},"line":3},"1":{"name":"(anonymous_1)","decl":{"start":{"line":91,"column":31},"end":{"line":91,"column":32}},"loc":{"start":{"line":91,"column":45},"end":{"line":114,"column":11}},"line":91},"2":{"name":"(anonymous_2)","decl":{"start":{"line":105,"column":39},"end":{"line":105,"column":40}},"loc":{"start":{"line":106,"column":20},"end":{"line":109,"column":25}},"line":106}},"branchMap":{},"s":{"0":1,"1":4,"2":4,"3":24,"4":24,"5":96},"f":{"0":4,"1":24,"2":96},"b":{},"_coverageSchema":"1a1c01bbd47fc00a2c39e90264f33305004495a9","hash":"4f7b3baf393fc98ee34572f3688a1d0603ecb279"}
}
