TN:
SF:src/components/Contact.jsx
FN:3,(anonymous_0)
FN:74,(anonymous_1)
FNF:2
FNH:2
FNDA:8,(anonymous_0)
FNDA:32,(anonymous_1)
DA:3,1
DA:4,8
DA:35,8
DA:75,32
LF:4
LH:4
BRDA:77,0,0,32
BRDA:77,0,1,32
BRDA:81,1,0,24
BRDA:81,1,1,8
BRDA:84,2,0,16
BRDA:84,2,1,8
BRDA:85,3,0,16
BRDA:85,3,1,8
BRF:8
BRH:8
end_of_record
TN:
SF:src/components/Footer.jsx
FN:3,(anonymous_0)
FNF:1
FNH:1
FNDA:10,(anonymous_0)
DA:3,1
DA:4,10
DA:6,10
LF:3
LH:3
BRF:0
BRH:0
end_of_record
TN:
SF:src/components/Header.jsx
FN:4,(anonymous_0)
FN:14,(anonymous_1)
FN:33,(anonymous_2)
FN:39,(anonymous_3)
FN:53,(anonymous_4)
FN:63,(anonymous_5)
FN:69,(anonymous_6)
FNF:7
FNH:6
FNDA:10,(anonymous_0)
FNDA:2,(anonymous_1)
FNDA:40,(anonymous_2)
FNDA:2,(anonymous_3)
FNDA:3,(anonymous_4)
FNDA:8,(anonymous_5)
FNDA:0,(anonymous_6)
DA:4,1
DA:5,10
DA:7,10
DA:14,10
DA:15,2
DA:16,2
DA:17,2
DA:18,2
DA:20,2
DA:23,10
DA:34,40
DA:35,40
DA:39,2
DA:53,3
DA:64,8
DA:65,8
DA:69,0
LF:17
LH:16
BRDA:16,0,0,2
BRDA:16,0,1,0
BRDA:38,1,0,10
BRDA:38,1,1,30
BRDA:56,2,0,2
BRDA:56,2,1,8
BRDA:61,3,0,10
BRDA:61,3,1,2
BRDA:68,4,0,2
BRDA:68,4,1,6
BRF:10
BRH:9
end_of_record
TN:
SF:src/components/Hero.jsx
FN:5,(anonymous_0)
FN:6,(anonymous_1)
FNF:2
FNH:2
FNDA:8,(anonymous_0)
FNDA:2,(anonymous_1)
DA:5,1
DA:6,8
DA:7,2
DA:8,2
DA:11,8
LF:5
LH:5
BRF:0
BRH:0
end_of_record
TN:
SF:src/components/Projects.jsx
FN:6,(anonymous_0)
FN:61,(anonymous_1)
FN:87,(anonymous_2)
FNF:3
FNH:3
FNDA:6,(anonymous_0)
FNDA:18,(anonymous_1)
FNDA:90,(anonymous_2)
DA:6,1
DA:7,6
DA:49,6
DA:62,18
DA:63,18
DA:88,90
LF:6
LH:6
BRDA:96,0,0,18
BRDA:96,0,1,18
BRDA:107,1,0,18
BRDA:107,1,1,18
BRDA:110,2,0,6
BRDA:110,2,1,12
BRDA:111,3,0,6
BRDA:111,3,1,12
BRDA:115,4,0,6
BRDA:115,4,1,12
BRF:10
BRH:10
end_of_record
TN:
SF:src/components/Skills.jsx
FN:3,(anonymous_0)
FN:91,(anonymous_1)
FN:105,(anonymous_2)
FNF:3
FNH:3
FNDA:4,(anonymous_0)
FNDA:24,(anonymous_1)
FNDA:96,(anonymous_2)
DA:3,1
DA:4,4
DA:79,4
DA:92,24
DA:93,24
DA:106,96
LF:6
LH:6
BRF:0
BRH:0
end_of_record
